[     659ms] [ERROR] Failed to load resource: the server responded with a status of 404 (Not Found) @ http://localhost:3000/enrichment/enrichment.json?limit=500&offset=0:0
[     659ms] [ERROR] SyntaxError: Failed to execute 'json' on 'Response': Unexpected end of JSON input
    at handleIndex (http://localhost:3000/scripts/commerce.js:219:29)
    at async fetchIndex (http://localhost:3000/scripts/commerce.js:250:20)
    at async Module.decorate (http://localhost:3000/blocks/enrichment/enrichment.js:35:19)
    at async http://localhost:3000/scripts/aem.js:562:15 @ http://localhost:3000/blocks/enrichment/enrichment.js:63
[     809ms] [WARNING] getConsent not implemented @ http://localhost:3000/scripts/commerce.js:815
[     810ms] [WARNING] Property headers.cs.Magento-Store-View-Code does not exist in the object @ http://localhost:3000/scripts/__dropins__/tools/chunks/get-path-value.js:2
[    1111ms] [WARNING] Property headers.cs.Magento-Store-View-Code does not exist in the object @ http://localhost:3000/scripts/__dropins__/tools/chunks/get-path-value.js:2
[    1112ms] [WARNING] ProductList: recId is missing. Please provide a valid recId to display product recommendations. @ http://localhost:3000/scripts/__dropins__/storefront-recommendations/containers/ProductList.js:2
[    1112ms] [WARNING] ProductList: currentSku is missing. Please provide a valid currentSku to display product recommendations. @ http://localhost:3000/scripts/__dropins__/storefront-recommendations/containers/ProductList.js:2
[    3793ms] [WARNING] getConsent not implemented @ http://localhost:3000/scripts/commerce.js:815
[    3813ms] [WARNING] Adobe Client Data Layer v3.0.1 has already been imported/initialized on this page. You may be erroneously loading it a second time. @ http://localhost:3000/scripts/commerce-events-sdk.js:1
[   10130ms] [ERROR] Failed to load resource: the server responded with a status of 404 (Not Found) @ http://localhost:3000/enrichment/enrichment.json?limit=500&offset=0:0
[   10130ms] [ERROR] SyntaxError: Failed to execute 'json' on 'Response': Unexpected end of JSON input
    at handleIndex (http://localhost:3000/scripts/commerce.js:219:29)
    at async fetchIndex (http://localhost:3000/scripts/commerce.js:250:20)
    at async Module.decorate (http://localhost:3000/blocks/enrichment/enrichment.js:35:19)
    at async http://localhost:3000/scripts/aem.js:562:15 @ http://localhost:3000/blocks/enrichment/enrichment.js:63
[   10136ms] [WARNING] getConsent not implemented @ http://localhost:3000/scripts/commerce.js:815
[   10136ms] [WARNING] Property headers.cs.Magento-Store-View-Code does not exist in the object @ http://localhost:3000/scripts/__dropins__/tools/chunks/get-path-value.js:2
[   10438ms] [WARNING] Property headers.cs.Magento-Store-View-Code does not exist in the object @ http://localhost:3000/scripts/__dropins__/tools/chunks/get-path-value.js:2
[   10440ms] [WARNING] ProductList: recId is missing. Please provide a valid recId to display product recommendations. @ http://localhost:3000/scripts/__dropins__/storefront-recommendations/containers/ProductList.js:2
[   10440ms] [WARNING] ProductList: currentSku is missing. Please provide a valid currentSku to display product recommendations. @ http://localhost:3000/scripts/__dropins__/storefront-recommendations/containers/ProductList.js:2
[   13139ms] [WARNING] getConsent not implemented @ http://localhost:3000/scripts/commerce.js:815
[   13144ms] [WARNING] Adobe Client Data Layer v3.0.1 has already been imported/initialized on this page. You may be erroneously loading it a second time. @ http://localhost:3000/scripts/commerce-events-sdk.js:1
